<?xml version="1.0" encoding="UTF-8"?>
<!-- Generated by org.testng.reporters.JUnitReportReporter -->
<testsuite hostname="JEFFRY" failures="0" tests="1" name="NewTest" time="0.031" errors="0" timestamp="2021-01-06T21:09:59 IST" skipped="0">
  <testcase classname="NewTest" name="streamFilter" time="0.031"/>
</testsuite> <!-- NewTest -->
